Performing C SOURCE FILE Test CMAKE_HAVE_LIBC_PTHREAD failed with the following output:
Change Dir: /home/appollogate/Documents/CPP_Spec/Homeworks/HW1_NEW/CPP_HW1/cmake-build-debug/CMakeFiles/CMakeTmp

Run Build Command(s):/usr/bin/gmake -f Makefile cmTC_03caf/fast && /usr/bin/gmake  -f CMakeFiles/cmTC_03caf.dir/build.make CMakeFiles/cmTC_03caf.dir/build
gmake[1]: Entering directory '/home/appollogate/Documents/CPP_Spec/Homeworks/HW1_NEW/CPP_HW1/cmake-build-debug/CMakeFiles/CMakeTmp'
Building C object CMakeFiles/cmTC_03caf.dir/src.c.o
/usr/bin/gcc-9 -DCMAKE_HAVE_LIBC_PTHREAD   -o CMakeFiles/cmTC_03caf.dir/src.c.o -c /home/appollogate/Documents/CPP_Spec/Homeworks/HW1_NEW/CPP_HW1/cmake-build-debug/CMakeFiles/CMakeTmp/src.c
Linking C executable cmTC_03caf
/home/appollogate/.local/share/JetBrains/Toolbox/apps/CLion/ch-0/212.5080.54/bin/cmake/linux/bin/cmake -E cmake_link_script CMakeFiles/cmTC_03caf.dir/link.txt --verbose=1
/usr/bin/gcc-9 CMakeFiles/cmTC_03caf.dir/src.c.o -o cmTC_03caf 
/usr/lib64/gcc/x86_64-suse-linux/9/../../../../x86_64-suse-linux/bin/ld: CMakeFiles/cmTC_03caf.dir/src.c.o: in function `main':
src.c:(.text+0x2d): undefined reference to `pthread_create'
/usr/lib64/gcc/x86_64-suse-linux/9/../../../../x86_64-suse-linux/bin/ld: src.c:(.text+0x39): undefined reference to `pthread_detach'
/usr/lib64/gcc/x86_64-suse-linux/9/../../../../x86_64-suse-linux/bin/ld: src.c:(.text+0x45): undefined reference to `pthread_cancel'
/usr/lib64/gcc/x86_64-suse-linux/9/../../../../x86_64-suse-linux/bin/ld: src.c:(.text+0x56): undefined reference to `pthread_join'
collect2: error: ld returned 1 exit status
gmake[1]: *** [CMakeFiles/cmTC_03caf.dir/build.make:99: cmTC_03caf] Error 1
gmake[1]: Leaving directory '/home/appollogate/Documents/CPP_Spec/Homeworks/HW1_NEW/CPP_HW1/cmake-build-debug/CMakeFiles/CMakeTmp'
gmake: *** [Makefile:127: cmTC_03caf/fast] Error 2


Source file was:
#include <pthread.h>

static void* test_func(void* data)
{
  return data;
}

int main(void)
{
  pthread_t thread;
  pthread_create(&thread, NULL, test_func, NULL);
  pthread_detach(thread);
  pthread_cancel(thread);
  pthread_join(thread, NULL);
  pthread_atfork(NULL, NULL, NULL);
  pthread_exit(NULL);

  return 0;
}

Determining if the function pthread_create exists in the pthreads failed with the following output:
Change Dir: /home/appollogate/Documents/CPP_Spec/Homeworks/HW1_NEW/CPP_HW1/cmake-build-debug/CMakeFiles/CMakeTmp

Run Build Command(s):/usr/bin/gmake -f Makefile cmTC_441f6/fast && /usr/bin/gmake  -f CMakeFiles/cmTC_441f6.dir/build.make CMakeFiles/cmTC_441f6.dir/build
gmake[1]: Entering directory '/home/appollogate/Documents/CPP_Spec/Homeworks/HW1_NEW/CPP_HW1/cmake-build-debug/CMakeFiles/CMakeTmp'
Building C object CMakeFiles/cmTC_441f6.dir/CheckFunctionExists.c.o
/usr/bin/gcc-9   -DCHECK_FUNCTION_EXISTS=pthread_create -o CMakeFiles/cmTC_441f6.dir/CheckFunctionExists.c.o -c /home/appollogate/.local/share/JetBrains/Toolbox/apps/CLion/ch-0/212.5080.54/bin/cmake/linux/share/cmake-3.20/Modules/CheckFunctionExists.c
Linking C executable cmTC_441f6
/home/appollogate/.local/share/JetBrains/Toolbox/apps/CLion/ch-0/212.5080.54/bin/cmake/linux/bin/cmake -E cmake_link_script CMakeFiles/cmTC_441f6.dir/link.txt --verbose=1
/usr/bin/gcc-9  -DCHECK_FUNCTION_EXISTS=pthread_create CMakeFiles/cmTC_441f6.dir/CheckFunctionExists.c.o -o cmTC_441f6  -lpthreads 
/usr/lib64/gcc/x86_64-suse-linux/9/../../../../x86_64-suse-linux/bin/ld: cannot find -lpthreads
collect2: error: ld returned 1 exit status
gmake[1]: *** [CMakeFiles/cmTC_441f6.dir/build.make:99: cmTC_441f6] Error 1
gmake[1]: Leaving directory '/home/appollogate/Documents/CPP_Spec/Homeworks/HW1_NEW/CPP_HW1/cmake-build-debug/CMakeFiles/CMakeTmp'
gmake: *** [Makefile:127: cmTC_441f6/fast] Error 2



